p14/DroidCafeWithSettings/app/build/intermediates/manifest_merge_blame_file/debug/manifest-merger-blame-debug-report.txt
1<?xml version="1.0" encoding="utf-8"?>
2<!--
3  ~ Copyright (C) 2018 Google Inc.
4  ~
5  ~ Licensed under the Apache License, Version 2.0 (the "License");
6  ~ you may not use this file except in compliance with the License.
7  ~ You may obtain a copy of the License at
8  ~
9  ~     http://www.apache.org/licenses/LICENSE-2.0
10  ~
11  ~ Unless required by applicable law or agreed to in writing, software
12  ~ distributed under the License is distributed on an "AS IS" BASIS,
13  ~ WITHOUT WARRANTIES OR CONDITIONS OF ANY KIND, either express or implied.
14  ~ See the License for the specific language governing permissions and
15  ~ limitations under the License.
16-->
17<manifest xmlns:android="http://schemas.android.com/apk/res/android"
18    package="com.example.android.droidcafeinput"
19    android:versionCode="1"
20    android:versionName="1.0" >
21
22    <uses-sdk
23        android:minSdkVersion="15"
23-->src\main\AndroidManifest.xml
24        android:targetSdkVersion="32" />
24-->src\main\AndroidManifest.xml
25
26    <application
26-->src\main\AndroidManifest.xml:20:5-54:19
27        android:allowBackup="true"
27-->src\main\AndroidManifest.xml:21:9-35
28        android:debuggable="true"
29        android:icon="@mipmap/ic_launcher"
29-->src\main\AndroidManifest.xml:22:9-43
30        android:label="@string/app_name"
30-->src\main\AndroidManifest.xml:23:9-41
31        android:roundIcon="@mipmap/ic_launcher_round"
31-->src\main\AndroidManifest.xml:24:9-54
32        android:supportsRtl="true"
32-->src\main\AndroidManifest.xml:25:9-35
33        android:testOnly="true"
34        android:theme="@style/AppTheme" >
34-->src\main\AndroidManifest.xml:26:9-40
35        <activity
35-->src\main\AndroidManifest.xml:27:9-37:20
36            android:name="com.example.android.droidcafeinput.MainActivity"
36-->src\main\AndroidManifest.xml:28:13-41
37            android:exported="true"
37-->src\main\AndroidManifest.xml:31:13-36
38            android:label="@string/app_name"
38-->src\main\AndroidManifest.xml:29:13-45
39            android:theme="@style/AppTheme.NoActionBar" >
39-->src\main\AndroidManifest.xml:30:13-56
40            <intent-filter>
40-->src\main\AndroidManifest.xml:32:13-36:29
41                <action android:name="android.intent.action.MAIN" />
41-->src\main\AndroidManifest.xml:33:17-69
41-->src\main\AndroidManifest.xml:33:25-66
42
43                <category android:name="android.intent.category.LAUNCHER" />
43-->src\main\AndroidManifest.xml:35:17-77
43-->src\main\AndroidManifest.xml:35:27-74
44            </intent-filter>
45        </activity>
46        <activity
46-->src\main\AndroidManifest.xml:38:9-45:20
47            android:name="com.example.android.droidcafeinput.OrderActivity"
47-->src\main\AndroidManifest.xml:39:13-42
48            android:label="@string/title_activity_order"
48-->src\main\AndroidManifest.xml:40:13-57
49            android:parentActivityName="com.example.android.droidcafeinput.MainActivity" >
49-->src\main\AndroidManifest.xml:41:13-55
50            <meta-data
50-->src\main\AndroidManifest.xml:42:13-44:49
51                android:name="android.support.PARENT_ACTIVITY"
51-->src\main\AndroidManifest.xml:43:17-63
52                android:value=".MainActivity" />
52-->src\main\AndroidManifest.xml:44:17-46
53        </activity>
54        <activity
54-->src\main\AndroidManifest.xml:46:9-53:20
55            android:name="com.example.android.droidcafeinput.SettingsActivity"
55-->src\main\AndroidManifest.xml:47:13-45
56            android:label="@string/title_activity_settings"
56-->src\main\AndroidManifest.xml:48:13-60
57            android:parentActivityName="com.example.android.droidcafeinput.MainActivity" >
57-->src\main\AndroidManifest.xml:49:13-55
58            <meta-data
58-->src\main\AndroidManifest.xml:42:13-44:49
59                android:name="android.support.PARENT_ACTIVITY"
59-->src\main\AndroidManifest.xml:43:17-63
60                android:value=".MainActivity" />
60-->src\main\AndroidManifest.xml:44:17-46
61        </activity>
62
63        <meta-data
63-->[com.android.support:design:26.1.0] AndroidManifest.xml:26:9-28:38
64            android:name="android.support.VERSION"
64-->[com.android.support:design:26.1.0] AndroidManifest.xml:27:13-51
65            android:value="26.1.0" />
65-->[com.android.support:design:26.1.0] AndroidManifest.xml:28:13-35
66        <meta-data
66-->[android.arch.lifecycle:runtime:1.0.0] AndroidManifest.xml:25:9-27:47
67            android:name="android.arch.lifecycle.VERSION"
67-->[android.arch.lifecycle:runtime:1.0.0] AndroidManifest.xml:26:13-58
68            android:value="27.0.0-SNAPSHOT" />
68-->[android.arch.lifecycle:runtime:1.0.0] AndroidManifest.xml:27:13-44
69    </application>
70
71</manifest>